e:\project\gameengine\lib\temp\vc120.pdb
e:\project\gameengine\lib\temp\vc120.idb
e:\project\gameengine\lib\temp\commonconfig.obj
e:\project\gameengine\lib\temp\md5.obj
e:\project\gameengine\lib\temp\memorypool.obj
e:\project\gameengine\lib\temp\memoryvl.obj
e:\project\gameengine\lib\temp\mutex.obj
e:\project\gameengine\lib\temp\serializer.obj
e:\project\gameengine\lib\temp\serverconfig.obj
e:\project\gameengine\lib\temp\thread.obj
e:\project\gameengine\lib\windows\common.lib
e:\project\gameengine\lib\temp\accepter.obj
e:\project\gameengine\lib\temp\base64.obj
e:\project\gameengine\lib\temp\bufmanager.obj
e:\project\gameengine\lib\temp\dataframe.obj
e:\project\gameengine\lib\temp\dataframeheader.obj
e:\project\gameengine\lib\temp\frame.obj
e:\project\gameengine\lib\temp\gamewebsocket.obj
e:\project\gameengine\lib\temp\listener.obj
e:\project\gameengine\lib\temp\message.obj
e:\project\gameengine\lib\temp\netcommon.obj
e:\project\gameengine\lib\temp\nethandler.obj
e:\project\gameengine\lib\temp\netmanager.obj
e:\project\gameengine\lib\temp\netuser.obj
e:\project\gameengine\lib\temp\recvframe.obj
e:\project\gameengine\lib\temp\sendframe.obj
e:\project\gameengine\lib\temp\sha1.obj
e:\project\gameengine\lib\temp\webaccepter.obj
e:\project\gameengine\libproject\common\..\..\lib\windows\common.lib
e:\project\gameengine\lib\temp\common.tlog\cl.command.1.tlog
e:\project\gameengine\lib\temp\common.tlog\cl.read.1.tlog
e:\project\gameengine\lib\temp\common.tlog\cl.write.1.tlog
e:\project\gameengine\lib\temp\common.tlog\lib-link.read.1.tlog
e:\project\gameengine\lib\temp\common.tlog\lib-link.write.1.tlog
e:\project\gameengine\lib\temp\common.tlog\lib.command.1.tlog
