生成启动时间为 2014/5/31 3:04:16。
     1>项目“E:\Project\GameEngine\LibProject\DataStructure\DataStructure.vcxproj”在节点 2 上(Rebuild 个目标)。
     1>C:\Program Files (x86)\MSBuild\Microsoft.Cpp\v4.0\V120\Microsoft.CppBuild.targets(356,5): warning MSB8004: Intermediate Directory does not end with a trailing slash.  This build instance will add the slash as it is required to allow proper evaluation of the Intermediate Directory.
     1>C:\Program Files (x86)\MSBuild\Microsoft.Cpp\v4.0\V120\Microsoft.CppBuild.targets(357,5): warning MSB8004: Output Directory does not end with a trailing slash.  This build instance will add the slash as it is required to allow proper evaluation of the Output Directory.
     1>C:\Program Files (x86)\MSBuild\Microsoft.Cpp\v4.0\V120\Microsoft.CppBuild.targets(381,5): warning MSB8028: The intermediate directory (..\..\lib\temp\) contains files shared from another project (GameSocket.vcxproj, Internal.vcxproj, MemoryPool.vcxproj, TimeManager.vcxproj, Tinyxml.vcxproj).  This can lead to incorrect clean and rebuild behavior.
     1>ClCompile:
         D:\Program Files (x86)\Microsoft Visual Studio 12.0\VC\bin\CL.exe /c /ZI /nologo /W3 /WX- /sdl /Od /Oy- /D WIN32 /D _DEBUG /D _LIB /D _UNICODE /D UNICODE /Gm /EHsc /RTC1 /MDd /GS /fp:precise /Zc:wchar_t /Zc:forScope /Fo"..\..\lib\temp\\" /Fd"..\..\lib\temp\vc120.pdb" /Gd /TP /analyze- /errorReport:prompt ..\..\LibSrc\datastructure\circlequeue.cpp ..\..\LibSrc\datastructure\gamepoolvector.cpp ..\..\LibSrc\datastructure\gamevector.cpp ..\..\LibSrc\datastructure\inthashlist.cpp ..\..\LibSrc\datastructure\memorylist.cpp ..\..\LibSrc\datastructure\socketqueue.cpp ..\..\LibSrc\datastructure\vector2d.cpp
         vector2d.cpp
         socketqueue.cpp
         memorylist.cpp
         inthashlist.cpp
         gamevector.cpp
         gamepoolvector.cpp
         circlequeue.cpp
         正在生成代码...
       Lib:
         D:\Program Files (x86)\Microsoft Visual Studio 12.0\VC\bin\Lib.exe /OUT:"..\..\lib\windows\DataStructure.lib" /NOLOGO ..\..\lib\temp\circlequeue.obj
         ..\..\lib\temp\gamepoolvector.obj
         ..\..\lib\temp\gamevector.obj
         ..\..\lib\temp\inthashlist.obj
         ..\..\lib\temp\memorylist.obj
         ..\..\lib\temp\socketqueue.obj
         ..\..\lib\temp\vector2d.obj
         DataStructure.vcxproj -> E:\Project\GameEngine\LibProject\DataStructure\..\..\lib\windows\DataStructure.lib
     1>已完成生成项目“E:\Project\GameEngine\LibProject\DataStructure\DataStructure.vcxproj”(Rebuild 个目标)的操作。

生成成功。

已用时间 00:00:00.46
