生成启动时间为 2015/1/16 23:00:54。
     1>项目“E:\Project\GameEngine\LibProject\Lua\Lua.vcxproj”在节点 3 上(Build 个目标)。
     1>C:\Program Files (x86)\MSBuild\Microsoft.Cpp\v4.0\V120\Microsoft.CppBuild.targets(356,5): warning MSB8004: Intermediate Directory does not end with a trailing slash.  This build instance will add the slash as it is required to allow proper evaluation of the Intermediate Directory.
     1>C:\Program Files (x86)\MSBuild\Microsoft.Cpp\v4.0\V120\Microsoft.CppBuild.targets(357,5): warning MSB8004: Output Directory does not end with a trailing slash.  This build instance will add the slash as it is required to allow proper evaluation of the Output Directory.
     1>C:\Program Files (x86)\MSBuild\Microsoft.Cpp\v4.0\V120\Microsoft.CppBuild.targets(381,5): warning MSB8028: The intermediate directory (..\..\lib\temp\) contains files shared from another project (Cache.vcxproj, Common.vcxproj, DataStructure.vcxproj, Frame.vcxproj, GameSocket.vcxproj, Internal.vcxproj, Log.vcxproj, Lua.vcxproj, MemoryPool.vcxproj, RPC.vcxproj, ServerConfig.vcxproj, Socket.vcxproj, TimeManager.vcxproj, Tinyxml.vcxproj, WebSocket.vcxproj).  This can lead to incorrect clean and rebuild behavior.
     1>ClCompile:
         D:\Program Files (x86)\Microsoft Visual Studio 12.0\VC\bin\CL.exe /c /ZI /nologo /W3 /WX- /sdl /Od /Oy- /D WIN32 /D _DEBUG /D _LIB /D _UNICODE /D UNICODE /Gm /EHsc /RTC1 /MDd /GS /fp:precise /Zc:wchar_t /Zc:forScope /Fo"..\..\lib\temp\\" /Fd"..\..\lib\temp\vc120.pdb" /Gd /TP /analyze- /errorReport:prompt ..\..\lib\src\script\exportapi.cpp ..\..\lib\src\script\luaengine.cpp ..\..\lib\src\script\luascript.cpp
         luascript.cpp
         luaengine.cpp
     1>e:\project\gameengine\lib\src\script\luaengine.cpp : warning C4819: 该文件包含不能在当前代码页(936)中表示的字符。请将该文件保存为 Unicode 格式以防止数据丢失
         exportapi.cpp
         正在生成代码...
       Lib:
         D:\Program Files (x86)\Microsoft Visual Studio 12.0\VC\bin\Lib.exe /OUT:"..\..\lib\windows\LuaScript.lib" lua51.lib /LIBPATH:..\..\lib\windows /NOLOGO ..\..\lib\temp\exportapi.obj
         ..\..\lib\temp\luaengine.obj
         ..\..\lib\temp\luascript.obj
         Lua.vcxproj -> E:\Project\GameEngine\LibProject\Lua\..\..\lib\windows\LuaScript.lib
     1>已完成生成项目“E:\Project\GameEngine\LibProject\Lua\Lua.vcxproj”(Build 个目标)的操作。

生成成功。

已用时间 00:00:00.87
